<?xml version="1.0" encoding="UTF-8"?>
<!-- Generated by org.testng.reporters.JUnitReportReporter -->
<testsuite skipped="0" hostname="Abhijeet-PC01" name="Academy.MyntraFramework.HomePage" tests="1" failures="0" timestamp="19 Aug 2022 19:51:46 GMT" time="26.507" errors="0">
  <testcase name="basePageNavigation" time="26.507" classname="Academy.MyntraFramework.HomePage"/>
</testsuite> <!-- Academy.MyntraFramework.HomePage -->
